[INFO  - 2015-03-13T05:14:36.288Z] GhostDriver - Main - running on port 56984
[INFO  - 2015-03-13T05:14:36.907Z] Session [d7d2b330-c93f-11e4-82ad-bbae4e472eb7] - page.settings - {"XSSAuditingEnabled":false,"javascriptCanCloseWindows":true,"javascriptCanOpenWindows":true,"javascriptEnabled":true,"loadImages":true,"localToRemoteUrlAccessEnabled":false,"userAgent":"Mozilla/5.0 (Windows NT 6.1) AppleWebKit/538.1 (KHTML, like Gecko) PhantomJS/2.0.0 Safari/538.1","webSecurityEnabled":false}
[INFO  - 2015-03-13T05:14:36.907Z] Session [d7d2b330-c93f-11e4-82ad-bbae4e472eb7] - page.customHeaders:  - {}
[INFO  - 2015-03-13T05:14:36.907Z] Session [d7d2b330-c93f-11e4-82ad-bbae4e472eb7] - Session.negotiatedCapabilities - {"browserName":"phantomjs","version":"2.0.0","driverName":"ghostdriver","driverVersion":"1.2.0","platform":"windows-7-32bit","javascriptEnabled":true,"takesScreenshot":true,"handlesAlerts":false,"databaseEnabled":false,"locationContextEnabled":false,"applicationCacheEnabled":false,"browserConnectionEnabled":false,"cssSelectorsEnabled":true,"webStorageEnabled":false,"rotatable":false,"acceptSslCerts":false,"nativeEvents":true,"proxy":{"proxyType":"direct"}}
[INFO  - 2015-03-13T05:14:36.907Z] SessionManagerReqHand - _postNewSessionCommand - New Session Created: d7d2b330-c93f-11e4-82ad-bbae4e472eb7
[ERROR - 2015-03-13T05:14:55.169Z] WebElementLocator - _handleLocateCommand - Element(s) NOT Found: GAVE UP. Search Stop Time: 1426223695133

  :262 in error
[ERROR - 2015-03-13T05:14:57.092Z] WebElementLocator - _handleLocateCommand - Element(s) NOT Found: GAVE UP. Search Stop Time: 1426223697050

  :262 in error
[ERROR - 2015-03-13T05:15:26.965Z] WebElementLocator - _handleLocateCommand - Element(s) NOT Found: GAVE UP. Search Stop Time: 1426223726916

  :262 in error
[ERROR - 2015-03-13T05:15:28.124Z] WebElementLocator - _handleLocateCommand - Element(s) NOT Found: GAVE UP. Search Stop Time: 1426223728097

  :262 in error
[ERROR - 2015-03-13T05:15:29.290Z] WebElementLocator - _handleLocateCommand - Element(s) NOT Found: GAVE UP. Search Stop Time: 1426223729257

  :262 in error
[INFO  - 2015-03-13T05:15:30.501Z] Session [d7d2b330-c93f-11e4-82ad-bbae4e472eb7] - page.settings - {"XSSAuditingEnabled":false,"javascriptCanCloseWindows":true,"javascriptCanOpenWindows":true,"javascriptEnabled":true,"loadImages":true,"localToRemoteUrlAccessEnabled":false,"userAgent":"Mozilla/5.0 (Windows NT 6.1) AppleWebKit/538.1 (KHTML, like Gecko) PhantomJS/2.0.0 Safari/538.1","webSecurityEnabled":false}
[INFO  - 2015-03-13T05:15:30.501Z] Session [d7d2b330-c93f-11e4-82ad-bbae4e472eb7] - page.customHeaders:  - {}
[ERROR - 2015-03-13T05:15:39.301Z] WebElementLocator - _handleLocateCommand - Element(s) NOT Found: GAVE UP. Search Stop Time: 1426223739241

  :262 in error
[ERROR - 2015-03-13T05:15:40.378Z] WebElementLocator - _handleLocateCommand - Element(s) NOT Found: GAVE UP. Search Stop Time: 1426223740334

  :262 in error
[INFO  - 2015-03-13T05:15:46.881Z] Session [d7d2b330-c93f-11e4-82ad-bbae4e472eb7] - page.settings - {"XSSAuditingEnabled":false,"javascriptCanCloseWindows":true,"javascriptCanOpenWindows":true,"javascriptEnabled":true,"loadImages":true,"localToRemoteUrlAccessEnabled":false,"userAgent":"Mozilla/5.0 (Windows NT 6.1) AppleWebKit/538.1 (KHTML, like Gecko) PhantomJS/2.0.0 Safari/538.1","webSecurityEnabled":false}
[INFO  - 2015-03-13T05:15:46.881Z] Session [d7d2b330-c93f-11e4-82ad-bbae4e472eb7] - page.customHeaders:  - {}
